生成启动时间为 2019/3/14 星期四 18:55:25。
     1>项目“H:\D3D\上机\第三次\d3Triangle\d3dInit\d3dInit.vcxproj”在节点 2 上(build 个目标)。
     1>PrepareForBuild:
         正在创建目录“H:\D3D\上机\第三次\d3Triangle\Debug\”。
       InitializeBuildStatus:
         正在创建“Debug\d3dTriangle.unsuccessfulbuild”，因为已指定“AlwaysCreate”。
       ClCompile:
         C:\Program Files (x86)\Microsoft Visual Studio 10.0\VC\bin\CL.exe /c /ZI /nologo /W3 /WX- /Od /Oy- /D WIN32 /D _DEBUG /D _WINDOWS /Gm /EHsc /RTC1 /MDd /GS /fp:precise /Zc:wchar_t /Zc:forScope /Fo"Debug\\" /Fd"Debug\vc100.pdb" /Gd /TP /analyze- /errorReport:prompt triangle.cpp d3dUtility.cpp
         d3dUtility.cpp
         triangle.cpp
         正在生成代码...
       ManifestResourceCompile:
         C:\Program Files (x86)\Microsoft SDKs\Windows\v7.0A\bin\rc.exe /nologo /fo"Debug\d3dTriangle.exe.embed.manifest.res" Debug\d3dTriangle_manifest.rc 
       Link:
         C:\Program Files (x86)\Microsoft Visual Studio 10.0\VC\bin\link.exe /ERRORREPORT:PROMPT /OUT:"H:\D3D\上机\第三次\d3Triangle\Debug\d3dTriangle.exe" /INCREMENTAL /NOLOGO DxErr.lib dxguid.lib d3d9.lib d3dx9.lib winmm.lib kernel32.lib user32.lib gdi32.lib winspool.lib comdlg32.lib advapi32.lib shell32.lib ole32.lib oleaut32.lib uuid.lib odbc32.lib odbccp32.lib /MANIFEST /ManifestFile:"Debug\d3dTriangle.exe.intermediate.manifest" /MANIFESTUAC:"level='asInvoker' uiAccess='false'" /DEBUG /PDB:"H:\D3D\上机\第三次\d3Triangle\Debug\d3dTriangle.pdb" /SUBSYSTEM:WINDOWS /TLBID:1 /DYNAMICBASE /NXCOMPAT /IMPLIB:"H:\D3D\上机\第三次\d3Triangle\Debug\d3dTriangle.lib" /MACHINE:X86 Debug\d3dTriangle.exe.embed.manifest.res
         Debug\triangle.obj
         Debug\d3dUtility.obj
       Manifest:
         C:\Program Files (x86)\Microsoft SDKs\Windows\v7.0A\bin\mt.exe /nologo /verbose /out:"Debug\d3dTriangle.exe.embed.manifest" /manifest Debug\d3dTriangle.exe.intermediate.manifest
         C:\Program Files (x86)\Microsoft SDKs\Windows\v7.0A\bin\rc.exe /nologo /fo"Debug\d3dTriangle.exe.embed.manifest.res" Debug\d3dTriangle_manifest.rc 
       LinkEmbedManifest:
         C:\Program Files (x86)\Microsoft Visual Studio 10.0\VC\bin\link.exe /ERRORREPORT:PROMPT /OUT:"H:\D3D\上机\第三次\d3Triangle\Debug\d3dTriangle.exe" /INCREMENTAL /NOLOGO DxErr.lib dxguid.lib d3d9.lib d3dx9.lib winmm.lib kernel32.lib user32.lib gdi32.lib winspool.lib comdlg32.lib advapi32.lib shell32.lib ole32.lib oleaut32.lib uuid.lib odbc32.lib odbccp32.lib /MANIFEST /ManifestFile:"Debug\d3dTriangle.exe.intermediate.manifest" /MANIFESTUAC:"level='asInvoker' uiAccess='false'" /DEBUG /PDB:"H:\D3D\上机\第三次\d3Triangle\Debug\d3dTriangle.pdb" /SUBSYSTEM:WINDOWS /TLBID:1 /DYNAMICBASE /NXCOMPAT /IMPLIB:"H:\D3D\上机\第三次\d3Triangle\Debug\d3dTriangle.lib" /MACHINE:X86 Debug\d3dTriangle.exe.embed.manifest.res
         Debug\triangle.obj
         Debug\d3dUtility.obj
         d3dInit.vcxproj -> H:\D3D\上机\第三次\d3Triangle\Debug\d3dTriangle.exe
       FinalizeBuildStatus:
         正在删除文件“Debug\d3dTriangle.unsuccessfulbuild”。
         正在对“Debug\d3dTriangle.lastbuildstate”执行 Touch 任务。
     1>已完成生成项目“H:\D3D\上机\第三次\d3Triangle\d3dInit\d3dInit.vcxproj”(build 个目标)的操作。

生成成功。

已用时间 00:00:32.86
